<?xml version="1.0" encoding="UTF-8"?>
<!-- Generated by org.testng.reporters.JUnitReportReporter -->
<testsuite ignored="0" hostname="LAPTOP-SR7422KK" failures="0" tests="2" name="com.testyantra.parallelExecution.ParralelExecutionDemo2" time="46.535" errors="2" timestamp="11 Jun 2020 11:16:12 GMT" skipped="0">
  <testcase classname="com.testyantra.parallelExecution.ParralelExecutionDemo2" name="tc_03" time="31.837">
    <error message="no such window: target window already closed
from unknown error: web view not found
  (Session info: chrome=83.0.4103.97)
Build info: version: &#039;3.141.59&#039;, revision: &#039;e82be7d358&#039;, time: &#039;2018-11-14T08:17:03&#039;
System info: host: &#039;LAPTOP-SR7422KK&#039;, ip: &#039;192.168.43.28&#039;, os.name: &#039;Windows 10&#039;, os.arch: &#039;amd64&#039;, os.version: &#039;10.0&#039;, java.version: &#039;10.0.2&#039;
Driver info: org.openqa.selenium.chrome.ChromeDriver
Capabilities {acceptInsecureCerts: false, browserName: chrome, browserVersion: 83.0.4103.97, chrome: {chromedriverVersion: 83.0.4103.39 (ccbf011cb2d2b..., userDataDir: C:\Users\thanu\AppData\Loca...}, goog:chromeOptions: {debuggerAddress: localhost:53682}, javascriptEnabled: true, networkConnectionEnabled: false, pageLoadStrategy: normal, platform: WINDOWS, platformName: WINDOWS, proxy: Proxy(), setWindowRect: true, strictFileInteractability: false, timeouts: {implicit: 0, pageLoad: 300000, script: 30000}, unhandledPromptBehavior: dismiss and notify, webauthn:virtualAuthenticators: true}
Session ID: 1dead0e6c7ba570ddd2ec4ea3667e041" type="org.openqa.selenium.NoSuchWindowException">
      <![CDATA[org.openqa.selenium.NoSuchWindowException: no such window: target window already closed
from unknown error: web view not found
  (Session info: chrome=83.0.4103.97)
Build info: version: '3.141.59', revision: 'e82be7d358', time: '2018-11-14T08:17:03'
System info: host: 'LAPTOP-SR7422KK', ip: '192.168.43.28', os.name: 'Windows 10', os.arch: 'amd64', os.version: '10.0', java.version: '10.0.2'
Driver info: org.openqa.selenium.chrome.ChromeDriver
Capabilities {acceptInsecureCerts: false, browserName: chrome, browserVersion: 83.0.4103.97, chrome: {chromedriverVersion: 83.0.4103.39 (ccbf011cb2d2b..., userDataDir: C:\Users\thanu\AppData\Loca...}, goog:chromeOptions: {debuggerAddress: localhost:53682}, javascriptEnabled: true, networkConnectionEnabled: false, pageLoadStrategy: normal, platform: WINDOWS, platformName: WINDOWS, proxy: Proxy(), setWindowRect: true, strictFileInteractability: false, timeouts: {implicit: 0, pageLoad: 300000, script: 30000}, unhandledPromptBehavior: dismiss and notify, webauthn:virtualAuthenticators: true}
Session ID: 1dead0e6c7ba570ddd2ec4ea3667e041
	at java.base/jdk.internal.reflect.NativeConstructorAccessorImpl.newInstance0(Native Method)
	at java.base/jdk.internal.reflect.NativeConstructorAccessorImpl.newInstance(Unknown Source)
	at java.base/jdk.internal.reflect.DelegatingConstructorAccessorImpl.newInstance(Unknown Source)
	at java.base/java.lang.reflect.Constructor.newInstance(Unknown Source)
	at org.openqa.selenium.remote.http.W3CHttpResponseCodec.createException(W3CHttpResponseCodec.java:187)
	at org.openqa.selenium.remote.http.W3CHttpResponseCodec.decode(W3CHttpResponseCodec.java:122)
	at org.openqa.selenium.remote.http.W3CHttpResponseCodec.decode(W3CHttpResponseCodec.java:49)
	at org.openqa.selenium.remote.HttpCommandExecutor.execute(HttpCommandExecutor.java:158)
	at org.openqa.selenium.remote.service.DriverCommandExecutor.execute(DriverCommandExecutor.java:83)
	at org.openqa.selenium.remote.RemoteWebDriver.execute(RemoteWebDriver.java:552)
	at org.openqa.selenium.remote.RemoteWebDriver.execute(RemoteWebDriver.java:609)
	at org.openqa.selenium.remote.RemoteWebDriver.getTitle(RemoteWebDriver.java:281)
	at com.testyantra.parallelExecution.ParralelExecutionDemo2.tc_03(ParralelExecutionDemo2.java:17)
	at java.base/jdk.internal.reflect.NativeMethodAccessorImpl.invoke0(Native Method)
	at java.base/jdk.internal.reflect.NativeMethodAccessorImpl.invoke(Unknown Source)
	at java.base/jdk.internal.reflect.DelegatingMethodAccessorImpl.invoke(Unknown Source)
	at java.base/java.lang.reflect.Method.invoke(Unknown Source)
	at org.testng.internal.MethodInvocationHelper.invokeMethod(MethodInvocationHelper.java:104)
	at org.testng.internal.Invoker.invokeMethod(Invoker.java:645)
	at org.testng.internal.Invoker.invokeTestMethod(Invoker.java:851)
	at org.testng.internal.Invoker.invokeTestMethods(Invoker.java:1177)
	at org.testng.internal.TestMethodWorker.invokeTestMethods(TestMethodWorker.java:129)
	at org.testng.internal.TestMethodWorker.run(TestMethodWorker.java:112)
	at org.testng.TestRunner.privateRun(TestRunner.java:756)
	at org.testng.TestRunner.run(TestRunner.java:610)
	at org.testng.SuiteRunner.runTest(SuiteRunner.java:387)
	at org.testng.SuiteRunner.access$000(SuiteRunner.java:39)
	at org.testng.SuiteRunner$SuiteWorker.run(SuiteRunner.java:421)
	at org.testng.internal.thread.ThreadUtil$2.call(ThreadUtil.java:64)
	at java.base/java.util.concurrent.FutureTask.run(Unknown Source)
	at java.base/java.util.concurrent.ThreadPoolExecutor.runWorker(Unknown Source)
	at java.base/java.util.concurrent.ThreadPoolExecutor$Worker.run(Unknown Source)
	at java.base/java.lang.Thread.run(Unknown Source)
]]>
    </error>
  </testcase> <!-- tc_03 -->
  <testcase classname="com.testyantra.parallelExecution.ParralelExecutionDemo2" name="tc_04" time="14.698">
    <error message="session not created
from disconnected: received Inspector.detached event
  (Session info: chrome=83.0.4103.97)
Build info: version: &#039;3.141.59&#039;, revision: &#039;e82be7d358&#039;, time: &#039;2018-11-14T08:17:03&#039;
System info: host: &#039;LAPTOP-SR7422KK&#039;, ip: &#039;192.168.43.28&#039;, os.name: &#039;Windows 10&#039;, os.arch: &#039;amd64&#039;, os.version: &#039;10.0&#039;, java.version: &#039;10.0.2&#039;
Driver info: driver.version: ChromeDriver
remote stacktrace: Backtrace:
	Ordinal0 [0x00E99563+2725219]
	Ordinal0 [0x00D98551+1672529]
	Ordinal0 [0x00C80359+525145]
	Ordinal0 [0x00C78579+492921]
	Ordinal0 [0x00C7818C+491916]
	Ordinal0 [0x00C77AB8+490168]
	Ordinal0 [0x00C76EFE+487166]
	Ordinal0 [0x00C77135+487733]
	Ordinal0 [0x00C76B75+486261]
	Ordinal0 [0x00C7F055+520277]
	Ordinal0 [0x00C76B32+486194]
	Ordinal0 [0x00C77739+489273]
	Ordinal0 [0x00C76EFE+487166]
	Ordinal0 [0x00C77135+487733]
	Ordinal0 [0x00C76B75+486261]
	Ordinal0 [0x00C7D83E+514110]
	Ordinal0 [0x00C76B32+486194]
	Ordinal0 [0x00C77739+489273]
	Ordinal0 [0x00C76EFE+487166]
	Ordinal0 [0x00C77135+487733]
	Ordinal0 [0x00C76B75+486261]
	Ordinal0 [0x00C7BBF6+506870]
	Ordinal0 [0x00C76B32+486194]
	Ordinal0 [0x00C77739+489273]
	Ordinal0 [0x00C76EFE+487166]
	Ordinal0 [0x00C77135+487733]
	Ordinal0 [0x00C76B75+486261]
	Ordinal0 [0x00C7B1B7+504247]
	Ordinal0 [0x00C76B32+486194]
	Ordinal0 [0x00C77739+489273]
	Ordinal0 [0x00C76EFE+487166]
	Ordinal0 [0x00C77135+487733]
	Ordinal0 [0x00C76B75+486261]
	Ordinal0 [0x00C7337C+471932]
	Ordinal0 [0x00C76B32+486194]
	Ordinal0 [0x00C76A87+486023]
	Ordinal0 [0x00C80FF0+528368]
	Ordinal0 [0x00C2D6C9+186057]
	Ordinal0 [0x00C2CA3D+182845]
	Ordinal0 [0x00C2A94B+174411]
	Ordinal0 [0x00C12528+75048]
	Ordinal0 [0x00C135A0+79264]
	Ordinal0 [0x00C13539+79161]
	Ordinal0 [0x00DAD607+1758727]
	GetHandleVerifier [0x00FB6546+1050150]
	GetHandleVerifier [0x00FB6291+1049457]
	GetHandleVerifier [0x00FC10D7+1094071]
	GetHandleVerifier [0x00FB6B46+1051686]
	Ordinal0 [0x00DA5B06+1727238]
	Ordinal0 [0x00DAEB7B+1764219]
	Ordinal0 [0x00DAECE3+1764579]
	Ordinal0 [0x00DC4C05+1854469]
	BaseThreadInitThunk [0x765B6359+25]
	RtlGetAppContainerNamedObjectPath [0x76FF7C24+228]
	RtlGetAppContainerNamedObjectPath [0x76FF7BF4+180]
" type="org.openqa.selenium.SessionNotCreatedException">
      <![CDATA[org.openqa.selenium.SessionNotCreatedException: session not created
from disconnected: received Inspector.detached event
  (Session info: chrome=83.0.4103.97)
Build info: version: '3.141.59', revision: 'e82be7d358', time: '2018-11-14T08:17:03'
System info: host: 'LAPTOP-SR7422KK', ip: '192.168.43.28', os.name: 'Windows 10', os.arch: 'amd64', os.version: '10.0', java.version: '10.0.2'
Driver info: driver.version: ChromeDriver
remote stacktrace: Backtrace:
	Ordinal0 [0x00E99563+2725219]
	Ordinal0 [0x00D98551+1672529]
	Ordinal0 [0x00C80359+525145]
	Ordinal0 [0x00C78579+492921]
	Ordinal0 [0x00C7818C+491916]
	Ordinal0 [0x00C77AB8+490168]
	Ordinal0 [0x00C76EFE+487166]
	Ordinal0 [0x00C77135+487733]
	Ordinal0 [0x00C76B75+486261]
	Ordinal0 [0x00C7F055+520277]
	Ordinal0 [0x00C76B32+486194]
	Ordinal0 [0x00C77739+489273]
	Ordinal0 [0x00C76EFE+487166]
	Ordinal0 [0x00C77135+487733]
	Ordinal0 [0x00C76B75+486261]
	Ordinal0 [0x00C7D83E+514110]
	Ordinal0 [0x00C76B32+486194]
	Ordinal0 [0x00C77739+489273]
	Ordinal0 [0x00C76EFE+487166]
	Ordinal0 [0x00C77135+487733]
	Ordinal0 [0x00C76B75+486261]
	Ordinal0 [0x00C7BBF6+506870]
	Ordinal0 [0x00C76B32+486194]
	Ordinal0 [0x00C77739+489273]
	Ordinal0 [0x00C76EFE+487166]
	Ordinal0 [0x00C77135+487733]
	Ordinal0 [0x00C76B75+486261]
	Ordinal0 [0x00C7B1B7+504247]
	Ordinal0 [0x00C76B32+486194]
	Ordinal0 [0x00C77739+489273]
	Ordinal0 [0x00C76EFE+487166]
	Ordinal0 [0x00C77135+487733]
	Ordinal0 [0x00C76B75+486261]
	Ordinal0 [0x00C7337C+471932]
	Ordinal0 [0x00C76B32+486194]
	Ordinal0 [0x00C76A87+486023]
	Ordinal0 [0x00C80FF0+528368]
	Ordinal0 [0x00C2D6C9+186057]
	Ordinal0 [0x00C2CA3D+182845]
	Ordinal0 [0x00C2A94B+174411]
	Ordinal0 [0x00C12528+75048]
	Ordinal0 [0x00C135A0+79264]
	Ordinal0 [0x00C13539+79161]
	Ordinal0 [0x00DAD607+1758727]
	GetHandleVerifier [0x00FB6546+1050150]
	GetHandleVerifier [0x00FB6291+1049457]
	GetHandleVerifier [0x00FC10D7+1094071]
	GetHandleVerifier [0x00FB6B46+1051686]
	Ordinal0 [0x00DA5B06+1727238]
	Ordinal0 [0x00DAEB7B+1764219]
	Ordinal0 [0x00DAECE3+1764579]
	Ordinal0 [0x00DC4C05+1854469]
	BaseThreadInitThunk [0x765B6359+25]
	RtlGetAppContainerNamedObjectPath [0x76FF7C24+228]
	RtlGetAppContainerNamedObjectPath [0x76FF7BF4+180]

	at java.base/jdk.internal.reflect.NativeConstructorAccessorImpl.newInstance0(Native Method)
	at java.base/jdk.internal.reflect.NativeConstructorAccessorImpl.newInstance(Unknown Source)
	at java.base/jdk.internal.reflect.DelegatingConstructorAccessorImpl.newInstance(Unknown Source)
	at java.base/java.lang.reflect.Constructor.newInstance(Unknown Source)
	at org.openqa.selenium.remote.W3CHandshakeResponse.lambda$errorHandler$0(W3CHandshakeResponse.java:62)
	at org.openqa.selenium.remote.HandshakeResponse.lambda$getResponseFunction$0(HandshakeResponse.java:30)
	at org.openqa.selenium.remote.ProtocolHandshake.lambda$createSession$0(ProtocolHandshake.java:126)
	at java.base/java.util.stream.ReferencePipeline$3$1.accept(Unknown Source)
	at java.base/java.util.Spliterators$ArraySpliterator.tryAdvance(Unknown Source)
	at java.base/java.util.stream.ReferencePipeline.forEachWithCancel(Unknown Source)
	at java.base/java.util.stream.AbstractPipeline.copyIntoWithCancel(Unknown Source)
	at java.base/java.util.stream.AbstractPipeline.copyInto(Unknown Source)
	at java.base/java.util.stream.AbstractPipeline.wrapAndCopyInto(Unknown Source)
	at java.base/java.util.stream.FindOps$FindOp.evaluateSequential(Unknown Source)
	at java.base/java.util.stream.AbstractPipeline.evaluate(Unknown Source)
	at java.base/java.util.stream.ReferencePipeline.findFirst(Unknown Source)
	at org.openqa.selenium.remote.ProtocolHandshake.createSession(ProtocolHandshake.java:128)
	at org.openqa.selenium.remote.ProtocolHandshake.createSession(ProtocolHandshake.java:74)
	at org.openqa.selenium.remote.HttpCommandExecutor.execute(HttpCommandExecutor.java:136)
	at org.openqa.selenium.remote.service.DriverCommandExecutor.execute(DriverCommandExecutor.java:83)
	at org.openqa.selenium.remote.RemoteWebDriver.execute(RemoteWebDriver.java:552)
	at org.openqa.selenium.remote.RemoteWebDriver.startSession(RemoteWebDriver.java:213)
	at org.openqa.selenium.remote.RemoteWebDriver.<init>(RemoteWebDriver.java:131)
	at org.openqa.selenium.chrome.ChromeDriver.<init>(ChromeDriver.java:181)
	at org.openqa.selenium.chrome.ChromeDriver.<init>(ChromeDriver.java:168)
	at org.openqa.selenium.chrome.ChromeDriver.<init>(ChromeDriver.java:123)
	at com.testyantra.parallelExecution.ParralelExecutionDemo2.tc_04(ParralelExecutionDemo2.java:25)
	at java.base/jdk.internal.reflect.NativeMethodAccessorImpl.invoke0(Native Method)
	at java.base/jdk.internal.reflect.NativeMethodAccessorImpl.invoke(Unknown Source)
	at java.base/jdk.internal.reflect.DelegatingMethodAccessorImpl.invoke(Unknown Source)
	at java.base/java.lang.reflect.Method.invoke(Unknown Source)
	at org.testng.internal.MethodInvocationHelper.invokeMethod(MethodInvocationHelper.java:104)
	at org.testng.internal.Invoker.invokeMethod(Invoker.java:645)
	at org.testng.internal.Invoker.invokeTestMethod(Invoker.java:851)
	at org.testng.internal.Invoker.invokeTestMethods(Invoker.java:1177)
	at org.testng.internal.TestMethodWorker.invokeTestMethods(TestMethodWorker.java:129)
	at org.testng.internal.TestMethodWorker.run(TestMethodWorker.java:112)
	at org.testng.TestRunner.privateRun(TestRunner.java:756)
	at org.testng.TestRunner.run(TestRunner.java:610)
	at org.testng.SuiteRunner.runTest(SuiteRunner.java:387)
	at org.testng.SuiteRunner.access$000(SuiteRunner.java:39)
	at org.testng.SuiteRunner$SuiteWorker.run(SuiteRunner.java:421)
	at org.testng.internal.thread.ThreadUtil$2.call(ThreadUtil.java:64)
	at java.base/java.util.concurrent.FutureTask.run(Unknown Source)
	at java.base/java.util.concurrent.ThreadPoolExecutor.runWorker(Unknown Source)
	at java.base/java.util.concurrent.ThreadPoolExecutor$Worker.run(Unknown Source)
	at java.base/java.lang.Thread.run(Unknown Source)
]]>
    </error>
  </testcase> <!-- tc_04 -->
</testsuite> <!-- com.testyantra.parallelExecution.ParralelExecutionDemo2 -->
